Drill report for C:\Users\Jonathan\Dropbox\Kicad\KICAD_new\deshielador_18F2550\D21_2550.kicad_pcb
Created on 29/05/2016 15:17:10

Copper Layer Stackup:
    =============================================================
    L1 :  F.Cu                      front
    L2 :  B.Cu                      back


Drill file 'C:D21_2550.drl' contains
    plated through holes:
    =============================================================
    T1  0,60mm  0,024"  (9 holes)
    T2  0,70mm  0,028"  (28 holes)
    T3  0,70mm  0,028"  (2 holes)
    T4  0,80mm  0,031"  (22 holes)
    T5  0,80mm  0,032"  (2 holes)
    T6  0,81mm  0,032"  (16 holes)
    T7  0,90mm  0,035"  (28 holes)
    T8  1,00mm  0,039"  (31 holes)
    T9  1,02mm  0,040"  (9 holes)
    T10  1,20mm  0,047"  (1 hole)
    T11  1,27mm  0,050"  (4 holes)
    T12  1,30mm  0,051"  (5 holes)

    Total plated holes count 157


Drill file 'C:D21_2550-NPTH.drl' contains
    unplated through holes:
    =============================================================

    Total unplated holes count 0
